g:\vs projects\directxtutorial\directxtutorial\debug\pch.pch.codeanalysis
g:\vs projects\directxtutorial\directxtutorial\debug\vc120.pdb
g:\vs projects\directxtutorial\directxtutorial\debug\vc120.idb
g:\vs projects\directxtutorial\directxtutorial\debug\pch.pch.codeanalysisast
g:\vs projects\directxtutorial\directxtutorial\debug\pch.nativecodeanalysis.xml
g:\vs projects\directxtutorial\directxtutorial\debug\pch.obj
g:\vs projects\directxtutorial\directxtutorial\debug\app.nativecodeanalysis.xml
g:\vs projects\directxtutorial\directxtutorial\debug\app.obj
g:\vs projects\directxtutorial\directxtutorial\debug\game.nativecodeanalysis.xml
g:\vs projects\directxtutorial\directxtutorial\debug\game.obj
g:\vs projects\directxtutorial\debug\directxtutorial\pixelshader.cso
g:\vs projects\directxtutorial\debug\directxtutorial\vertexshader.cso
g:\vs projects\directxtutorial\debug\directxtutorial\directxtutorial.winmd
g:\vs projects\directxtutorial\debug\directxtutorial\directxtutorial.exe.lastcodeanalysissucceeded
g:\vs projects\directxtutorial\directxtutorial\debug\nativecodeanalysis.read.1.tlog
g:\vs projects\directxtutorial\directxtutorial\debug\priconfig.xml
g:\vs projects\directxtutorial\directxtutorial\debug\priconfig.xml.intermediate
g:\vs projects\directxtutorial\directxtutorial\debug\layout.resfiles
g:\vs projects\directxtutorial\directxtutorial\debug\layout.resfiles.intermediate
g:\vs projects\directxtutorial\directxtutorial\debug\resources.resfiles
g:\vs projects\directxtutorial\directxtutorial\debug\resources.resfiles.intermediate
g:\vs projects\directxtutorial\directxtutorial\debug\pri.resfiles
g:\vs projects\directxtutorial\directxtutorial\debug\pri.resfiles.intermediate
g:\vs projects\directxtutorial\debug\directxtutorial\resources.pri
g:\vs projects\directxtutorial\directxtutorial\debug\qualifiers.txt
g:\vs projects\directxtutorial\directxtutorial\debug\qualifiers.txt.intermediate
g:\vs projects\directxtutorial\directxtutorial\debug\multiplequalifiersperdimensionfound.txt
g:\vs projects\directxtutorial\directxtutorial\debug\projectarchitectures.txt
g:\vs projects\directxtutorial\debug\directxtutorial\appxmanifest.xml
g:\vs projects\directxtutorial\debug\directxtutorial\directxtutorial.build.appxrecipe
g:\vs projects\directxtutorial\debug\directxtutorial\directxtutorial.ilk
g:\vs projects\directxtutorial\debug\directxtutorial\directxtutorial.exe
g:\vs projects\directxtutorial\debug\directxtutorial\directxtutorial.pdb
g:\vs projects\directxtutorial\directxtutorial\debug\vc.nativecodeanalysis.all.xml
g:\vs projects\directxtutorial\directxtutorial\debug\directxtutorial.tlog\cl.command.1.tlog
g:\vs projects\directxtutorial\directxtutorial\debug\directxtutorial.tlog\cl.read.1.tlog
g:\vs projects\directxtutorial\directxtutorial\debug\directxtutorial.tlog\cl.read.3.tlog
g:\vs projects\directxtutorial\directxtutorial\debug\directxtutorial.tlog\cl.read.6.tlog
g:\vs projects\directxtutorial\directxtutorial\debug\directxtutorial.tlog\cl.write.1.tlog
g:\vs projects\directxtutorial\directxtutorial\debug\directxtutorial.tlog\directxtutorial.read.1u.tlog
g:\vs projects\directxtutorial\directxtutorial\debug\directxtutorial.tlog\directxtutorial.write.1u.tlog
g:\vs projects\directxtutorial\directxtutorial\debug\directxtutorial.tlog\fxc.command.1.tlog
g:\vs projects\directxtutorial\directxtutorial\debug\directxtutorial.tlog\fxc.read.1.tlog
g:\vs projects\directxtutorial\directxtutorial\debug\directxtutorial.tlog\fxc.write.1.tlog
g:\vs projects\directxtutorial\directxtutorial\debug\directxtutorial.tlog\link.command.1.tlog
g:\vs projects\directxtutorial\directxtutorial\debug\directxtutorial.tlog\link.read.1.tlog
g:\vs projects\directxtutorial\directxtutorial\debug\directxtutorial.tlog\link.write.1.tlog
