g:\vs projects\directxtutorial\directxtutorial\release\pch.pch
g:\vs projects\directxtutorial\directxtutorial\release\vc120.pdb
g:\vs projects\directxtutorial\directxtutorial\release\pch.obj
g:\vs projects\directxtutorial\directxtutorial\release\app.obj
g:\vs projects\directxtutorial\release\directxtutorial\directxtutorial.winmd
g:\vs projects\directxtutorial\directxtutorial\release\priconfig.xml
g:\vs projects\directxtutorial\directxtutorial\release\priconfig.xml.intermediate
g:\vs projects\directxtutorial\directxtutorial\release\layout.resfiles
g:\vs projects\directxtutorial\directxtutorial\release\layout.resfiles.intermediate
g:\vs projects\directxtutorial\directxtutorial\release\resources.resfiles
g:\vs projects\directxtutorial\directxtutorial\release\resources.resfiles.intermediate
g:\vs projects\directxtutorial\directxtutorial\release\pri.resfiles
g:\vs projects\directxtutorial\directxtutorial\release\pri.resfiles.intermediate
g:\vs projects\directxtutorial\release\directxtutorial\resources.pri
g:\vs projects\directxtutorial\directxtutorial\release\qualifiers.txt
g:\vs projects\directxtutorial\directxtutorial\release\qualifiers.txt.intermediate
g:\vs projects\directxtutorial\directxtutorial\release\multiplequalifiersperdimensionfound.txt
g:\vs projects\directxtutorial\directxtutorial\release\projectarchitectures.txt
g:\vs projects\directxtutorial\release\directxtutorial\appxmanifest.xml
g:\vs projects\directxtutorial\release\directxtutorial\directxtutorial.build.appxrecipe
g:\vs projects\directxtutorial\release\directxtutorial\directxtutorial.exe
g:\vs projects\directxtutorial\release\directxtutorial\directxtutorial.pdb
g:\vs projects\directxtutorial\directxtutorial\release\directxtutorial.tlog\cl.command.1.tlog
g:\vs projects\directxtutorial\directxtutorial\release\directxtutorial.tlog\cl.read.1.tlog
g:\vs projects\directxtutorial\directxtutorial\release\directxtutorial.tlog\cl.write.1.tlog
g:\vs projects\directxtutorial\directxtutorial\release\directxtutorial.tlog\directxtutorial.read.1u.tlog
g:\vs projects\directxtutorial\directxtutorial\release\directxtutorial.tlog\directxtutorial.write.1u.tlog
g:\vs projects\directxtutorial\directxtutorial\release\directxtutorial.tlog\link.command.1.tlog
g:\vs projects\directxtutorial\directxtutorial\release\directxtutorial.tlog\link.read.1.tlog
g:\vs projects\directxtutorial\directxtutorial\release\directxtutorial.tlog\link.write.1.tlog
